PRISM
=====

Version: 4.2.pomdps
Date: Wed Oct 22 11:39:01 BST 2014
Hostname: ponza.dcs.gla.ac.uk
Command line: prism scheduler.prism scheduler.props -prop 3 -const prob1=0.25 -gridresolution 2

Parsing model file "scheduler.prism"...

Parsing properties file "scheduler.props"...

3 properties:
(1) Pmin=? [ F "tasks_complete" ]
(2) R{"time"}min=? [ F "tasks_complete" ]
(3) R{"energy"}min=? [ F "tasks_complete" ]

Type:        POPTA
Modules:     scheduler P1 P2 
Variables:   task1 task2 task3 task4 task5 task6 p1 (sleep1) x1 p2 x2 

Switching to explicit engine

---------------------------------------------------------------------

Model checking: R{"energy"}min=? [ F "tasks_complete" ]
Model constants: prob1=0.25

Performing digital clocks translation...
Computed clock maximums: {x2=7, x1=7}
Computed GCD: 1

Model checking: R{"energy"}min=? [ F "tasks_complete" ]
Model constants: prob1=0.25

Building model...
Model constants: prob1=0.25

Computing reachable states...
 5002 states
Reachable states exploration and model construction done in 0.387 secs.
Sorting reachable states list...

Time for model construction: 0.634 seconds.

Type:        POMDP
States:        5002 (1 initial)
Transitions:   10405
Choices:       10059
Max/avg:       5/2.01
Observables:   3557
Unobservables: 2
Building reward structure...

Starting expected reachability (min)...
Starting fixed-resolution grid approximation (min)...
Grid statistics: resolution=2, points=6447, unknown points=6315
Building belief space approximation...
Solving belief space approximation...
initialBelief: {0},[1.0, 0.0]

Strategy DTMC:
States:      44 (1 initial)
Transitions: 43
Choices:     43
Max/avg:     1/0.98

Starting expected reachability (min)...
Starting Prob1 (max)...
Prob1 (max) took 44 iterations and 0.002 seconds.
target=1, inf=0, rest=43
Starting value iteration (min)...
Value iteration (min) took 43 iterations and 0.002 seconds.
Expected reachability took 0.004 seconds.
Outer bound: 1.2777499999999997
Inner bound: 1.3347499999999992
Fixed-resolution grid approximation (min) took 49 iterations and 3.217 seconds.
Expected reachability took 3.217 seconds.

Value in the initial state: 1.2777499999999997

Time for model checking: 3.253 seconds.

Result: 1.2777499999999997 (value in the initial state)

