PRISM
=====

Version: 4.2.pomdps
Date: Wed Oct 22 10:44:33 BST 2014
Hostname: ponza.dcs.gla.ac.uk
Command line: prism pump_deadline.prism pump.props -prop 2 -const 'h0=2,h1=16,N=8,D=50' -gridresolution 2

Parsing model file "pump_deadline.prism"...

Parsing properties file "pump.props"...

4 properties:
(1) Pmin=? [ F correct=1 ]
(2) Pmax=? [ F correct=1 ]
(3) Rmin=? [ F l=2 ]
(4) Rmin=? [ F l=2 ]

Type:        POMDP
Modules:     timer high pump low 
Variables:   t (bit) p y l m guess correct x 

Switching to explicit engine

---------------------------------------------------------------------

Model checking: Pmax=? [ F correct=1 ]
Model constants: h0=2,h1=16,N=8,D=50

Building model...
Model constants: h0=2,h1=16,N=8,D=50

Computing reachable states...
 26019 states
Reachable states exploration and model construction done in 0.512 secs.
Sorting reachable states list...

Time for model construction: 2.186 seconds.

Warning: Deadlocks detected and fixed in 308 states

Type:        POMDP
States:        26019 (1 initial)
Transitions:   33466
Choices:       27551
Max/avg:       2/1.06
Observables:   13909
Unobservables: 3

Starting probabilistic reachability (max)...
Starting fixed-resolution grid approximation (max)...
Grid statistics: resolution=2, points=38130, unknown points=37230
Building belief space approximation...
Solving belief space approximation...

Strategy DTMC:
States:      17176 (1 initial)
Transitions: 21166
Choices:     17117
Max/avg:     1/1.00

Starting probabilistic reachability (min)...
Starting Prob0 (min)...
Prob0 (min) took 48 iterations and 0.089 seconds.
Starting Prob1 (min)...
Prob1 (min) took 582 iterations and 0.934 seconds.
target=59, yes=247, no=3071, maybe=13858
Starting value iteration (min)...
Value iteration (min) took 120 iterations and 0.18 seconds.
Probabilistic reachability took 1.205 seconds.
Outer bound: 0.501853152497721
Inner bound: 0.5011800628415655
Fixed-resolution grid approximation (max) took 120 iterations and 51.638 seconds.
Probabilistic reachability took 51.638 seconds.

Value in the initial state: 0.501853152497721

Time for model checking: 51.656 seconds.

Result: 0.501853152497721 (value in the initial state)

---------------------------------------------------------------------

Note: There was 1 warning during computation.

