PRISM
=====

Version: 4.2.pomdps
Date: Wed Oct 22 10:43:19 BST 2014
Hostname: ponza.dcs.gla.ac.uk
Command line: prism pump.prism pump.props -prop 2 -const 'h0=2,h1=16,N=16' -gridresolution 2

Parsing model file "pump.prism"...

Parsing properties file "pump.props"...

4 properties:
(1) Pmin=? [ F correct=1 ]
(2) Pmax=? [ F correct=1 ]
(3) Rmin=? [ F l=2 ]
(4) Rmin=? [ F l=2 ]

Type:        POPTA
Modules:     high pump low 
Variables:   (bit) p y l m guess correct x 

Switching to explicit engine

---------------------------------------------------------------------

Model checking: Pmax=? [ F correct=1 ]
Model constants: h0=2,h1=16,N=16

Performing digital clocks translation...
Computed clock maximums: {y=1, x=10}
Computed GCD: 1

Model checking: Pmax=? [ F correct=1 ]
Model constants: h0=2,h1=16,N=16

Building model...
Model constants: h0=2,h1=16,N=16

Computing reachable states...
 1559 states
Reachable states exploration and model construction done in 0.196 secs.
Sorting reachable states list...

Time for model construction: 0.271 seconds.

Type:        POMDP
States:        1559 (1 initial)
Transitions:   2010
Choices:       1657
Max/avg:       2/1.06
Observables:   803
Unobservables: 3

Starting probabilistic reachability (max)...
Starting fixed-resolution grid approximation (max)...
Grid statistics: resolution=2, points=2316, unknown points=2292
Building belief space approximation...
Solving belief space approximation...

Strategy DTMC:
States:      32475 (1 initial)
Transitions: 39701
Choices:     32473
Max/avg:     1/1.00

Starting probabilistic reachability (min)...
Starting Prob0 (min)...
Prob0 (min) took 80 iterations and 0.26 seconds.
Starting Prob1 (min)...
Prob1 (min) took 3472 iterations and 10.538 seconds.
target=2, yes=1084, no=24, maybe=31367
Starting value iteration (min)...
Value iteration (min) took 704 iterations and 1.985 seconds.
Probabilistic reachability took 12.787 seconds.
Outer bound: 0.9999811884910315
Inner bound: 0.9999751492002795
Fixed-resolution grid approximation (max) took 1890 iterations and 20.356 seconds.
Probabilistic reachability took 20.356 seconds.

Value in the initial state: 0.9999811884910315

Time for model checking: 20.359 seconds.

Result: 0.9999811884910315 (value in the initial state)

