PRISM
=====

Version: 4.2.pomdps
Date: Wed Oct 22 10:57:49 BST 2014
Hostname: ponza.dcs.gla.ac.uk
Command line: prism repudiation.prism repudiation.props -const K=8 -gridresolution 4

Parsing model file "repudiation.prism"...

Parsing properties file "repudiation.props"...

1 property:
(1) Pmax=? [ F "unfair" ]

Type:        POPTA
Modules:     originator malicious_recipient 
Variables:   o (N) ack x r mess last y 

Switching to explicit engine

---------------------------------------------------------------------

Model checking: Pmax=? [ F "unfair" ]
Model constants: K=8

Performing digital clocks translation...
Computed clock maximums: {y=1, x=4}
Computed GCD: 1

Model checking: Pmax=? [ F "unfair" ]
Model constants: K=8

Building model...
Model constants: K=8

Computing reachable states...
 1273 states
Reachable states exploration and model construction done in 0.19 secs.
Sorting reachable states list...

Time for model construction: 0.258 seconds.

Type:        POMDP
States:        1273 (1 initial)
Transitions:   1856
Choices:       1849
Max/avg:       3/1.45
Observables:   398
Unobservables: 9

Starting probabilistic reachability (max)...
Starting fixed-resolution grid approximation (max)...
Grid statistics: resolution=4, points=23435, unknown points=23347
Building belief space approximation...
Solving belief space approximation...

Strategy DTMC:
States:      93 (1 initial)
Transitions: 99
Choices:     92
Max/avg:     1/0.99

Starting probabilistic reachability (min)...
Starting Prob0 (min)...
Prob0 (min) took 51 iterations and 0.004 seconds.
Starting Prob1 (min)...
Prob1 (min) took 67 iterations and 0.011 seconds.
target=1, yes=8, no=42, maybe=43
Starting value iteration (min)...
Value iteration (min) took 44 iterations and 0.002 seconds.
Probabilistic reachability took 0.018 seconds.
Outer bound: 0.3750000312500157
Inner bound: 0.12500000000000028
Fixed-resolution grid approximation (max) took 26 iterations and 3.688 seconds.
Probabilistic reachability took 3.689 seconds.

Value in the initial state: 0.3750000312500157

Time for model checking: 3.691 seconds.

Result: 0.3750000312500157 (value in the initial state)

